<?xml version="1.0" encoding="UTF-8"?>
<!-- Generated by org.testng.reporters.JUnitReportReporter -->
<testsuite hostname="ELW5126" failures="0" tests="1" name="testngExample.HrmLogin" time="9.323" errors="0" timestamp="06 Oct 2022 12:11:10 GMT" skipped="0">
  <testcase classname="testngExample.HrmLogin" name="hrmLogin" time="9.323"/>
</testsuite> <!-- testngExample.HrmLogin -->
