<?xml version="1.0" encoding="UTF-8"?>
<!-- Generated by org.testng.reporters.JUnitReportReporter -->
<testsuite hostname="ELW5126" failures="0" tests="1" name="testngExample.HrmSearchExample" time="12.064" errors="0" timestamp="08 Oct 2022 04:23:53 GMT" skipped="0">
  <testcase classname="testngExample.HrmSearchExample" name="search" time="12.064"/>
</testsuite> <!-- testngExample.HrmSearchExample -->
