<?xml version="1.0" encoding="UTF-8"?>
<!-- Generated by org.testng.reporters.JUnitReportReporter -->
<testsuite hostname="ELW5126" failures="0" tests="2" name="testngExample.HrmSearchExample" time="22.815" errors="0" timestamp="08 Oct 2022 11:38:39 GMT" skipped="0">
  <testcase classname="testngExample.HrmSearchExample" name="employeeSearch" time="10.238"/>
  <testcase classname="testngExample.HrmSearchExample" name="employeeSearch" time="12.577"/>
</testsuite> <!-- testngExample.HrmSearchExample -->
