<?xml version="1.0" encoding="UTF-8"?>
<!-- Generated by org.testng.reporters.JUnitReportReporter -->
<testsuite hostname="ELW5126" failures="0" tests="3" name="testngExample.CompleteTestNGExample" time="25.237" errors="0" timestamp="06 Oct 2022 14:59:17 GMT" skipped="0">
  <testcase classname="testngExample.CompleteTestNGExample" name="hrmLogin" time="9.411"/>
  <testcase classname="testngExample.CompleteTestNGExample" name="hrmApplyLeave" time="9.333"/>
  <testcase classname="testngExample.CompleteTestNGExample" name="hrmSearch" time="6.493"/>
</testsuite> <!-- testngExample.CompleteTestNGExample -->
